[0.495s] Invoking command in '/home/johndoe/github/ROProject3/ros_workspace/src/machine_learning': PYTHONPATH=/home/johndoe/github/ROProject3/ros_workspace/build/machine_learning/prefix_override:/home/johndoe/github/ROProject3/ros_workspace/install/machine_learning/lib/python3.10/site-packages:${PYTHONPATH} /usr/bin/python3 setup.py egg_info --egg-base ../../build/machine_learning build --build-base /home/johndoe/github/ROProject3/ros_workspace/build/machine_learning/build install --record /home/johndoe/github/ROProject3/ros_workspace/build/machine_learning/install.log --single-version-externally-managed
[0.681s] running egg_info
[0.681s] creating ../../build/machine_learning/machine_learning.egg-info
[0.681s] writing ../../build/machine_learning/machine_learning.egg-info/PKG-INFO
[0.681s] writing dependency_links to ../../build/machine_learning/machine_learning.egg-info/dependency_links.txt
[0.682s] writing entry points to ../../build/machine_learning/machine_learning.egg-info/entry_points.txt
[0.682s] writing requirements to ../../build/machine_learning/machine_learning.egg-info/requires.txt
[0.682s] writing top-level names to ../../build/machine_learning/machine_learning.egg-info/top_level.txt
[0.682s] writing manifest file '../../build/machine_learning/machine_learning.egg-info/SOURCES.txt'
[0.683s] reading manifest file '../../build/machine_learning/machine_learning.egg-info/SOURCES.txt'
[0.684s] writing manifest file '../../build/machine_learning/machine_learning.egg-info/SOURCES.txt'
[0.684s] running build
[0.684s] running build_py
[0.684s] creating /home/johndoe/github/ROProject3/ros_workspace/build/machine_learning/build
[0.684s] creating /home/johndoe/github/ROProject3/ros_workspace/build/machine_learning/build/lib
[0.685s] creating /home/johndoe/github/ROProject3/ros_workspace/build/machine_learning/build/lib/machine_learning
[0.685s] copying machine_learning/__init__.py -> /home/johndoe/github/ROProject3/ros_workspace/build/machine_learning/build/lib/machine_learning
[0.685s] running install
[0.685s] /usr/lib/python3/dist-packages/setuptools/command/install.py:34: SetuptoolsDeprecationWarning: setup.py install is deprecated. Use build and pip and other standards-based tools.
[0.685s]   warnings.warn(
[0.686s] running install_lib
[0.686s] creating /home/johndoe/github/ROProject3/ros_workspace/install/machine_learning/lib/python3.10/site-packages/machine_learning
[0.686s] copying /home/johndoe/github/ROProject3/ros_workspace/build/machine_learning/build/lib/machine_learning/__init__.py -> /home/johndoe/github/ROProject3/ros_workspace/install/machine_learning/lib/python3.10/site-packages/machine_learning
[0.686s] byte-compiling /home/johndoe/github/ROProject3/ros_workspace/install/machine_learning/lib/python3.10/site-packages/machine_learning/__init__.py to __init__.cpython-310.pyc
[0.687s] running install_data
[0.687s] creating /home/johndoe/github/ROProject3/ros_workspace/install/machine_learning/share/ament_index
[0.687s] creating /home/johndoe/github/ROProject3/ros_workspace/install/machine_learning/share/ament_index/resource_index
[0.687s] creating /home/johndoe/github/ROProject3/ros_workspace/install/machine_learning/share/ament_index/resource_index/packages
[0.687s] copying resource/machine_learning -> /home/johndoe/github/ROProject3/ros_workspace/install/machine_learning/share/ament_index/resource_index/packages
[0.687s] copying package.xml -> /home/johndoe/github/ROProject3/ros_workspace/install/machine_learning/share/machine_learning
[0.687s] running install_egg_info
[0.688s] Copying ../../build/machine_learning/machine_learning.egg-info to /home/johndoe/github/ROProject3/ros_workspace/install/machine_learning/lib/python3.10/site-packages/machine_learning-0.0.0-py3.10.egg-info
[0.689s] running install_scripts
[0.705s] writing list of installed files to '/home/johndoe/github/ROProject3/ros_workspace/build/machine_learning/install.log'
[0.726s] Invoked command in '/home/johndoe/github/ROProject3/ros_workspace/src/machine_learning' returned '0': PYTHONPATH=/home/johndoe/github/ROProject3/ros_workspace/build/machine_learning/prefix_override:/home/johndoe/github/ROProject3/ros_workspace/install/machine_learning/lib/python3.10/site-packages:${PYTHONPATH} /usr/bin/python3 setup.py egg_info --egg-base ../../build/machine_learning build --build-base /home/johndoe/github/ROProject3/ros_workspace/build/machine_learning/build install --record /home/johndoe/github/ROProject3/ros_workspace/build/machine_learning/install.log --single-version-externally-managed
