[0.298s] DEBUG:colcon:Command line arguments: ['/usr/bin/colcon', 'build']
[0.298s] DEBUG:colcon:Parsed command line arguments: Namespace(log_base=None, log_level=None, verb_name='build', build_base='build', install_base='install', merge_install=False, symlink_install=False, test_result_base=None, continue_on_error=False, executor='parallel', parallel_workers=2, event_handlers=None, ignore_user_meta=False, metas=['./colcon.meta'], base_paths=['.'], packages_ignore=None, packages_ignore_regex=None, paths=None, packages_up_to=None, packages_up_to_regex=None, packages_above=None, packages_above_and_dependencies=None, packages_above_depth=None, packages_select_by_dep=None, packages_skip_by_dep=None, packages_skip_up_to=None, packages_select_build_failed=False, packages_skip_build_finished=False, packages_select_test_failures=False, packages_skip_test_passed=False, packages_select=None, packages_skip=None, packages_select_regex=None, packages_skip_regex=None, packages_start=None, packages_end=None, allow_overriding=[], cmake_args=None, cmake_target=None, cmake_target_skip_unavailable=False, cmake_clean_cache=False, cmake_clean_first=False, cmake_force_configure=False, ament_cmake_args=None, catkin_cmake_args=None, catkin_skip_building_tests=False, verb_parser=<colcon_defaults.argument_parser.defaults.DefaultArgumentsDecorator object at 0x7f5c0f1b74f0>, verb_extension=<colcon_core.verb.build.BuildVerb object at 0x7f5c0f1b6f80>, main=<bound method BuildVerb.main of <colcon_core.verb.build.BuildVerb object at 0x7f5c0f1b6f80>>)
[0.317s] Level 1:colcon.colcon_core.package_discovery:discover_packages(colcon_meta) check parameters
[0.317s] Level 1:colcon.colcon_core.package_discovery:discover_packages(recursive) check parameters
[0.317s] Level 1:colcon.colcon_core.package_discovery:discover_packages(ignore) check parameters
[0.317s] Level 1:colcon.colcon_core.package_discovery:discover_packages(path) check parameters
[0.317s] Level 1:colcon.colcon_core.package_discovery:discover_packages(colcon_meta) discover
[0.318s] Level 1:colcon.colcon_core.package_discovery:discover_packages(recursive) discover
[0.318s] INFO:colcon.colcon_core.package_discovery:Crawling recursively for packages in '/home/johndoe/github/ROProject3/ros_workspace'
[0.318s] Level 1:colcon.colcon_core.package_identification:_identify(.) by extensions ['ignore', 'ignore_ament_install']
[0.318s] Level 1:colcon.colcon_core.package_identification:_identify(.) by extension 'ignore'
[0.318s] Level 1:colcon.colcon_core.package_identification:_identify(.) by extension 'ignore_ament_install'
[0.318s] Level 1:colcon.colcon_core.package_identification:_identify(.) by extensions ['colcon_pkg']
[0.318s] Level 1:colcon.colcon_core.package_identification:_identify(.) by extension 'colcon_pkg'
[0.318s] Level 1:colcon.colcon_core.package_identification:_identify(.) by extensions ['colcon_meta']
[0.318s] Level 1:colcon.colcon_core.package_identification:_identify(.) by extension 'colcon_meta'
[0.318s] Level 1:colcon.colcon_core.package_identification:_identify(.) by extensions ['ros']
[0.318s] Level 1:colcon.colcon_core.package_identification:_identify(.) by extension 'ros'
[0.327s] DEBUG:colcon.colcon_core.package_identification:Failed to parse potential ROS package manifest in'.': Error(s) in package './package.xml':
The manifest contains invalid XML:
no element found: line 1, column 0
[0.327s] Level 1:colcon.colcon_core.package_identification:_identify(.) by extensions ['cmake', 'python']
[0.327s] Level 1:colcon.colcon_core.package_identification:_identify(.) by extension 'cmake'
[0.328s] Level 1:colcon.colcon_core.package_identification:_identify(.) by extension 'python'
[0.328s] Level 1:colcon.colcon_core.package_identification:_identify(.) by extensions ['python_setup_py']
[0.328s] Level 1:colcon.colcon_core.package_identification:_identify(.) by extension 'python_setup_py'
[0.328s] Level 1:colcon.colcon_core.package_identification:_identify(build) by extensions ['ignore', 'ignore_ament_install']
[0.328s] Level 1:colcon.colcon_core.package_identification:_identify(build) by extension 'ignore'
[0.328s] Level 1:colcon.colcon_core.package_identification:_identify(build) ignored
[0.328s] Level 1:colcon.colcon_core.package_identification:_identify(install) by extensions ['ignore', 'ignore_ament_install']
[0.328s] Level 1:colcon.colcon_core.package_identification:_identify(install) by extension 'ignore'
[0.328s] Level 1:colcon.colcon_core.package_identification:_identify(install) ignored
[0.328s] Level 1:colcon.colcon_core.package_identification:_identify(log) by extensions ['ignore', 'ignore_ament_install']
[0.328s] Level 1:colcon.colcon_core.package_identification:_identify(log) by extension 'ignore'
[0.328s] Level 1:colcon.colcon_core.package_identification:_identify(log) ignored
[0.328s] Level 1:colcon.colcon_core.package_identification:_identify(src) by extensions ['ignore', 'ignore_ament_install']
[0.328s] Level 1:colcon.colcon_core.package_identification:_identify(src) by extension 'ignore'
[0.328s] Level 1:colcon.colcon_core.package_identification:_identify(src) by extension 'ignore_ament_install'
[0.328s] Level 1:colcon.colcon_core.package_identification:_identify(src) by extensions ['colcon_pkg']
[0.328s] Level 1:colcon.colcon_core.package_identification:_identify(src) by extension 'colcon_pkg'
[0.328s] Level 1:colcon.colcon_core.package_identification:_identify(src) by extensions ['colcon_meta']
[0.328s] Level 1:colcon.colcon_core.package_identification:_identify(src) by extension 'colcon_meta'
[0.328s] Level 1:colcon.colcon_core.package_identification:_identify(src) by extensions ['ros']
[0.328s] Level 1:colcon.colcon_core.package_identification:_identify(src) by extension 'ros'
[0.329s] Level 1:colcon.colcon_core.package_identification:_identify(src) by extensions ['cmake', 'python']
[0.329s] Level 1:colcon.colcon_core.package_identification:_identify(src) by extension 'cmake'
[0.329s] Level 1:colcon.colcon_core.package_identification:_identify(src) by extension 'python'
[0.329s] Level 1:colcon.colcon_core.package_identification:_identify(src) by extensions ['python_setup_py']
[0.329s] Level 1:colcon.colcon_core.package_identification:_identify(src) by extension 'python_setup_py'
[0.329s] Level 1:colcon.colcon_core.package_identification:_identify(src/image_processing) by extensions ['ignore', 'ignore_ament_install']
[0.329s] Level 1:colcon.colcon_core.package_identification:_identify(src/image_processing) by extension 'ignore'
[0.329s] Level 1:colcon.colcon_core.package_identification:_identify(src/image_processing) by extension 'ignore_ament_install'
[0.329s] Level 1:colcon.colcon_core.package_identification:_identify(src/image_processing) by extensions ['colcon_pkg']
[0.329s] Level 1:colcon.colcon_core.package_identification:_identify(src/image_processing) by extension 'colcon_pkg'
[0.329s] Level 1:colcon.colcon_core.package_identification:_identify(src/image_processing) by extensions ['colcon_meta']
[0.329s] Level 1:colcon.colcon_core.package_identification:_identify(src/image_processing) by extension 'colcon_meta'
[0.329s] Level 1:colcon.colcon_core.package_identification:_identify(src/image_processing) by extensions ['ros']
[0.329s] Level 1:colcon.colcon_core.package_identification:_identify(src/image_processing) by extension 'ros'
[0.331s] DEBUG:colcon.colcon_core.package_identification:Package 'src/image_processing' with type 'ros.ament_python' and name 'image_processing'
[0.331s] Level 1:colcon.colcon_core.package_identification:_identify(src/kalman_filter) by extensions ['ignore', 'ignore_ament_install']
[0.331s] Level 1:colcon.colcon_core.package_identification:_identify(src/kalman_filter) by extension 'ignore'
[0.331s] Level 1:colcon.colcon_core.package_identification:_identify(src/kalman_filter) by extension 'ignore_ament_install'
[0.331s] Level 1:colcon.colcon_core.package_identification:_identify(src/kalman_filter) by extensions ['colcon_pkg']
[0.331s] Level 1:colcon.colcon_core.package_identification:_identify(src/kalman_filter) by extension 'colcon_pkg'
[0.331s] Level 1:colcon.colcon_core.package_identification:_identify(src/kalman_filter) by extensions ['colcon_meta']
[0.331s] Level 1:colcon.colcon_core.package_identification:_identify(src/kalman_filter) by extension 'colcon_meta'
[0.331s] Level 1:colcon.colcon_core.package_identification:_identify(src/kalman_filter) by extensions ['ros']
[0.331s] Level 1:colcon.colcon_core.package_identification:_identify(src/kalman_filter) by extension 'ros'
[0.332s] DEBUG:colcon.colcon_core.package_identification:Package 'src/kalman_filter' with type 'ros.ament_python' and name 'kalman_filter'
[0.332s] Level 1:colcon.colcon_core.package_identification:_identify(src/machine_learning) by extensions ['ignore', 'ignore_ament_install']
[0.332s] Level 1:colcon.colcon_core.package_identification:_identify(src/machine_learning) by extension 'ignore'
[0.332s] Level 1:colcon.colcon_core.package_identification:_identify(src/machine_learning) by extension 'ignore_ament_install'
[0.332s] Level 1:colcon.colcon_core.package_identification:_identify(src/machine_learning) by extensions ['colcon_pkg']
[0.332s] Level 1:colcon.colcon_core.package_identification:_identify(src/machine_learning) by extension 'colcon_pkg'
[0.332s] Level 1:colcon.colcon_core.package_identification:_identify(src/machine_learning) by extensions ['colcon_meta']
[0.332s] Level 1:colcon.colcon_core.package_identification:_identify(src/machine_learning) by extension 'colcon_meta'
[0.332s] Level 1:colcon.colcon_core.package_identification:_identify(src/machine_learning) by extensions ['ros']
[0.332s] Level 1:colcon.colcon_core.package_identification:_identify(src/machine_learning) by extension 'ros'
[0.332s] DEBUG:colcon.colcon_core.package_identification:Package 'src/machine_learning' with type 'ros.ament_python' and name 'machine_learning'
[0.332s] Level 1:colcon.colcon_core.package_discovery:discover_packages(recursive) using defaults
[0.332s] Level 1:colcon.colcon_core.package_discovery:discover_packages(ignore) discover
[0.332s] Level 1:colcon.colcon_core.package_discovery:discover_packages(ignore) using defaults
[0.333s] Level 1:colcon.colcon_core.package_discovery:discover_packages(path) discover
[0.333s] Level 1:colcon.colcon_core.package_discovery:discover_packages(path) using defaults
[0.351s] Level 1:colcon.colcon_core.package_discovery:discover_packages(prefix_path) check parameters
[0.351s] Level 1:colcon.colcon_core.package_discovery:discover_packages(prefix_path) discover
[0.353s] DEBUG:colcon.colcon_installed_package_information.package_discovery:Found 0 installed packages in /home/johndoe/github/ROProject3/ros_workspace/install
[0.354s] DEBUG:colcon.colcon_installed_package_information.package_discovery:Found 291 installed packages in /opt/ros/rolling
[0.355s] Level 1:colcon.colcon_core.package_discovery:discover_packages(prefix_path) using defaults
[0.407s] Level 5:colcon.colcon_core.verb:set package 'image_processing' build argument 'cmake_args' from command line to 'None'
[0.407s] Level 5:colcon.colcon_core.verb:set package 'image_processing' build argument 'cmake_target' from command line to 'None'
[0.407s] Level 5:colcon.colcon_core.verb:set package 'image_processing' build argument 'cmake_target_skip_unavailable' from command line to 'False'
[0.407s] Level 5:colcon.colcon_core.verb:set package 'image_processing' build argument 'cmake_clean_cache' from command line to 'False'
[0.407s] Level 5:colcon.colcon_core.verb:set package 'image_processing' build argument 'cmake_clean_first' from command line to 'False'
[0.407s] Level 5:colcon.colcon_core.verb:set package 'image_processing' build argument 'cmake_force_configure' from command line to 'False'
[0.407s] Level 5:colcon.colcon_core.verb:set package 'image_processing' build argument 'ament_cmake_args' from command line to 'None'
[0.407s] Level 5:colcon.colcon_core.verb:set package 'image_processing' build argument 'catkin_cmake_args' from command line to 'None'
[0.407s] Level 5:colcon.colcon_core.verb:set package 'image_processing' build argument 'catkin_skip_building_tests' from command line to 'False'
[0.407s] DEBUG:colcon.colcon_core.verb:Building package 'image_processing' with the following arguments: {'ament_cmake_args': None, 'build_base': '/home/johndoe/github/ROProject3/ros_workspace/build/image_processing', 'catkin_cmake_args': None, 'catkin_skip_building_tests': False, 'cmake_args': None, 'cmake_clean_cache': False, 'cmake_clean_first': False, 'cmake_force_configure': False, 'cmake_target': None, 'cmake_target_skip_unavailable': False, 'install_base': '/home/johndoe/github/ROProject3/ros_workspace/install/image_processing', 'merge_install': False, 'path': '/home/johndoe/github/ROProject3/ros_workspace/src/image_processing', 'symlink_install': False, 'test_result_base': None}
[0.408s] Level 5:colcon.colcon_core.verb:set package 'kalman_filter' build argument 'cmake_args' from command line to 'None'
[0.408s] Level 5:colcon.colcon_core.verb:set package 'kalman_filter' build argument 'cmake_target' from command line to 'None'
[0.408s] Level 5:colcon.colcon_core.verb:set package 'kalman_filter' build argument 'cmake_target_skip_unavailable' from command line to 'False'
[0.408s] Level 5:colcon.colcon_core.verb:set package 'kalman_filter' build argument 'cmake_clean_cache' from command line to 'False'
[0.408s] Level 5:colcon.colcon_core.verb:set package 'kalman_filter' build argument 'cmake_clean_first' from command line to 'False'
[0.408s] Level 5:colcon.colcon_core.verb:set package 'kalman_filter' build argument 'cmake_force_configure' from command line to 'False'
[0.408s] Level 5:colcon.colcon_core.verb:set package 'kalman_filter' build argument 'ament_cmake_args' from command line to 'None'
[0.408s] Level 5:colcon.colcon_core.verb:set package 'kalman_filter' build argument 'catkin_cmake_args' from command line to 'None'
[0.408s] Level 5:colcon.colcon_core.verb:set package 'kalman_filter' build argument 'catkin_skip_building_tests' from command line to 'False'
[0.408s] DEBUG:colcon.colcon_core.verb:Building package 'kalman_filter' with the following arguments: {'ament_cmake_args': None, 'build_base': '/home/johndoe/github/ROProject3/ros_workspace/build/kalman_filter', 'catkin_cmake_args': None, 'catkin_skip_building_tests': False, 'cmake_args': None, 'cmake_clean_cache': False, 'cmake_clean_first': False, 'cmake_force_configure': False, 'cmake_target': None, 'cmake_target_skip_unavailable': False, 'install_base': '/home/johndoe/github/ROProject3/ros_workspace/install/kalman_filter', 'merge_install': False, 'path': '/home/johndoe/github/ROProject3/ros_workspace/src/kalman_filter', 'symlink_install': False, 'test_result_base': None}
[0.409s] Level 5:colcon.colcon_core.verb:set package 'machine_learning' build argument 'cmake_args' from command line to 'None'
[0.409s] Level 5:colcon.colcon_core.verb:set package 'machine_learning' build argument 'cmake_target' from command line to 'None'
[0.409s] Level 5:colcon.colcon_core.verb:set package 'machine_learning' build argument 'cmake_target_skip_unavailable' from command line to 'False'
[0.409s] Level 5:colcon.colcon_core.verb:set package 'machine_learning' build argument 'cmake_clean_cache' from command line to 'False'
[0.409s] Level 5:colcon.colcon_core.verb:set package 'machine_learning' build argument 'cmake_clean_first' from command line to 'False'
[0.409s] Level 5:colcon.colcon_core.verb:set package 'machine_learning' build argument 'cmake_force_configure' from command line to 'False'
[0.409s] Level 5:colcon.colcon_core.verb:set package 'machine_learning' build argument 'ament_cmake_args' from command line to 'None'
[0.409s] Level 5:colcon.colcon_core.verb:set package 'machine_learning' build argument 'catkin_cmake_args' from command line to 'None'
[0.409s] Level 5:colcon.colcon_core.verb:set package 'machine_learning' build argument 'catkin_skip_building_tests' from command line to 'False'
[0.409s] DEBUG:colcon.colcon_core.verb:Building package 'machine_learning' with the following arguments: {'ament_cmake_args': None, 'build_base': '/home/johndoe/github/ROProject3/ros_workspace/build/machine_learning', 'catkin_cmake_args': None, 'catkin_skip_building_tests': False, 'cmake_args': None, 'cmake_clean_cache': False, 'cmake_clean_first': False, 'cmake_force_configure': False, 'cmake_target': None, 'cmake_target_skip_unavailable': False, 'install_base': '/home/johndoe/github/ROProject3/ros_workspace/install/machine_learning', 'merge_install': False, 'path': '/home/johndoe/github/ROProject3/ros_workspace/src/machine_learning', 'symlink_install': False, 'test_result_base': None}
[0.410s] INFO:colcon.colcon_core.executor:Executing jobs using 'parallel' executor
[0.413s] DEBUG:colcon.colcon_parallel_executor.executor.parallel:run_until_complete
[0.413s] INFO:colcon.colcon_ros.task.ament_python.build:Building ROS package in '/home/johndoe/github/ROProject3/ros_workspace/src/image_processing' with build type 'ament_python'
[0.413s] Level 1:colcon.colcon_core.shell:create_environment_hook('image_processing', 'ament_prefix_path')
[0.417s] INFO:colcon.colcon_core.plugin_system:Skipping extension 'colcon_core.shell.bat': Not used on non-Windows systems
[0.417s] INFO:colcon.colcon_core.shell:Creating environment hook '/home/johndoe/github/ROProject3/ros_workspace/install/image_processing/share/image_processing/hook/ament_prefix_path.ps1'
[0.418s] INFO:colcon.colcon_core.shell:Creating environment descriptor '/home/johndoe/github/ROProject3/ros_workspace/install/image_processing/share/image_processing/hook/ament_prefix_path.dsv'
[0.418s] INFO:colcon.colcon_core.shell:Creating environment hook '/home/johndoe/github/ROProject3/ros_workspace/install/image_processing/share/image_processing/hook/ament_prefix_path.sh'
[0.420s] INFO:colcon.colcon_core.shell:Skip shell extension 'powershell' for command environment: Not usable outside of PowerShell
[0.420s] DEBUG:colcon.colcon_core.shell:Skip shell extension 'dsv' for command environment
[0.424s] INFO:colcon.colcon_ros.task.ament_python.build:Building ROS package in '/home/johndoe/github/ROProject3/ros_workspace/src/kalman_filter' with build type 'ament_python'
[0.424s] Level 1:colcon.colcon_core.shell:create_environment_hook('kalman_filter', 'ament_prefix_path')
[0.426s] INFO:colcon.colcon_core.shell:Creating environment hook '/home/johndoe/github/ROProject3/ros_workspace/install/kalman_filter/share/kalman_filter/hook/ament_prefix_path.ps1'
[0.427s] INFO:colcon.colcon_core.shell:Creating environment descriptor '/home/johndoe/github/ROProject3/ros_workspace/install/kalman_filter/share/kalman_filter/hook/ament_prefix_path.dsv'
[0.427s] INFO:colcon.colcon_core.shell:Creating environment hook '/home/johndoe/github/ROProject3/ros_workspace/install/kalman_filter/share/kalman_filter/hook/ament_prefix_path.sh'
[0.428s] INFO:colcon.colcon_core.shell:Skip shell extension 'powershell' for command environment: Not usable outside of PowerShell
[0.428s] DEBUG:colcon.colcon_core.shell:Skip shell extension 'dsv' for command environment
[0.647s] INFO:colcon.colcon_core.task.python.build:Building Python package in '/home/johndoe/github/ROProject3/ros_workspace/src/image_processing'
[0.649s] INFO:colcon.colcon_core.shell:Skip shell extension 'powershell' for command environment: Not usable outside of PowerShell
[0.649s] DEBUG:colcon.colcon_core.shell:Skip shell extension 'dsv' for command environment
[0.866s] INFO:colcon.colcon_core.task.python.build:Building Python package in '/home/johndoe/github/ROProject3/ros_workspace/src/kalman_filter'
[0.867s] INFO:colcon.colcon_core.shell:Skip shell extension 'powershell' for command environment: Not usable outside of PowerShell
[0.867s] DEBUG:colcon.colcon_core.shell:Skip shell extension 'dsv' for command environment
[1.182s] DEBUG:colcon.colcon_core.event_handler.log_command:Invoking command in '/home/johndoe/github/ROProject3/ros_workspace/src/kalman_filter': PYTHONPATH=/home/johndoe/github/ROProject3/ros_workspace/build/kalman_filter/prefix_override:/home/johndoe/github/ROProject3/ros_workspace/install/kalman_filter/lib/python3.10/site-packages:${PYTHONPATH} /usr/bin/python3 setup.py egg_info --egg-base ../../build/kalman_filter build --build-base /home/johndoe/github/ROProject3/ros_workspace/build/kalman_filter/build install --record /home/johndoe/github/ROProject3/ros_workspace/build/kalman_filter/install.log --single-version-externally-managed
[1.187s] DEBUG:colcon.colcon_core.event_handler.log_command:Invoking command in '/home/johndoe/github/ROProject3/ros_workspace/src/image_processing': PYTHONPATH=/home/johndoe/github/ROProject3/ros_workspace/build/image_processing/prefix_override:/home/johndoe/github/ROProject3/ros_workspace/install/image_processing/lib/python3.10/site-packages:${PYTHONPATH} /usr/bin/python3 setup.py egg_info --egg-base ../../build/image_processing build --build-base /home/johndoe/github/ROProject3/ros_workspace/build/image_processing/build install --record /home/johndoe/github/ROProject3/ros_workspace/build/image_processing/install.log --single-version-externally-managed
[1.457s] DEBUG:colcon.colcon_core.event_handler.log_command:Invoked command in '/home/johndoe/github/ROProject3/ros_workspace/src/image_processing' returned '0': PYTHONPATH=/home/johndoe/github/ROProject3/ros_workspace/build/image_processing/prefix_override:/home/johndoe/github/ROProject3/ros_workspace/install/image_processing/lib/python3.10/site-packages:${PYTHONPATH} /usr/bin/python3 setup.py egg_info --egg-base ../../build/image_processing build --build-base /home/johndoe/github/ROProject3/ros_workspace/build/image_processing/build install --record /home/johndoe/github/ROProject3/ros_workspace/build/image_processing/install.log --single-version-externally-managed
[1.461s] Level 1:colcon.colcon_core.environment:checking '/home/johndoe/github/ROProject3/ros_workspace/install/image_processing' for CMake module files
[1.461s] Level 1:colcon.colcon_core.environment:checking '/home/johndoe/github/ROProject3/ros_workspace/install/image_processing' for CMake config files
[1.461s] Level 1:colcon.colcon_core.environment:checking '/home/johndoe/github/ROProject3/ros_workspace/install/image_processing/lib'
[1.461s] Level 1:colcon.colcon_core.environment:checking '/home/johndoe/github/ROProject3/ros_workspace/install/image_processing/bin'
[1.462s] Level 1:colcon.colcon_core.environment:checking '/home/johndoe/github/ROProject3/ros_workspace/install/image_processing/lib/pkgconfig/image_processing.pc'
[1.462s] Level 1:colcon.colcon_core.environment:checking '/home/johndoe/github/ROProject3/ros_workspace/install/image_processing/lib/python3.10/site-packages'
[1.462s] Level 1:colcon.colcon_core.shell:create_environment_hook('image_processing', 'pythonpath')
[1.463s] INFO:colcon.colcon_core.shell:Creating environment hook '/home/johndoe/github/ROProject3/ros_workspace/install/image_processing/share/image_processing/hook/pythonpath.ps1'
[1.464s] INFO:colcon.colcon_core.shell:Creating environment descriptor '/home/johndoe/github/ROProject3/ros_workspace/install/image_processing/share/image_processing/hook/pythonpath.dsv'
[1.464s] INFO:colcon.colcon_core.shell:Creating environment hook '/home/johndoe/github/ROProject3/ros_workspace/install/image_processing/share/image_processing/hook/pythonpath.sh'
[1.464s] Level 1:colcon.colcon_core.environment:checking '/home/johndoe/github/ROProject3/ros_workspace/install/image_processing/bin'
[1.464s] Level 1:colcon.colcon_core.environment:create_environment_scripts_only(image_processing)
[1.465s] INFO:colcon.colcon_core.shell:Creating package script '/home/johndoe/github/ROProject3/ros_workspace/install/image_processing/share/image_processing/package.ps1'
[1.466s] INFO:colcon.colcon_core.shell:Creating package descriptor '/home/johndoe/github/ROProject3/ros_workspace/install/image_processing/share/image_processing/package.dsv'
[1.466s] INFO:colcon.colcon_core.shell:Creating package script '/home/johndoe/github/ROProject3/ros_workspace/install/image_processing/share/image_processing/package.sh'
[1.467s] INFO:colcon.colcon_core.shell:Creating package script '/home/johndoe/github/ROProject3/ros_workspace/install/image_processing/share/image_processing/package.bash'
[1.467s] INFO:colcon.colcon_core.shell:Creating package script '/home/johndoe/github/ROProject3/ros_workspace/install/image_processing/share/image_processing/package.zsh'
[1.468s] Level 1:colcon.colcon_core.environment:create_file_with_runtime_dependencies(/home/johndoe/github/ROProject3/ros_workspace/install/image_processing/share/colcon-core/packages/image_processing)
[1.469s] INFO:colcon.colcon_ros.task.ament_python.build:Building ROS package in '/home/johndoe/github/ROProject3/ros_workspace/src/machine_learning' with build type 'ament_python'
[1.469s] Level 1:colcon.colcon_core.shell:create_environment_hook('machine_learning', 'ament_prefix_path')
[1.470s] INFO:colcon.colcon_core.shell:Creating environment hook '/home/johndoe/github/ROProject3/ros_workspace/install/machine_learning/share/machine_learning/hook/ament_prefix_path.ps1'
[1.472s] INFO:colcon.colcon_core.shell:Creating environment descriptor '/home/johndoe/github/ROProject3/ros_workspace/install/machine_learning/share/machine_learning/hook/ament_prefix_path.dsv'
[1.472s] INFO:colcon.colcon_core.shell:Creating environment hook '/home/johndoe/github/ROProject3/ros_workspace/install/machine_learning/share/machine_learning/hook/ament_prefix_path.sh'
[1.473s] INFO:colcon.colcon_core.shell:Skip shell extension 'powershell' for command environment: Not usable outside of PowerShell
[1.473s] DEBUG:colcon.colcon_core.shell:Skip shell extension 'dsv' for command environment
[1.479s] Level 1:colcon.colcon_core.environment:checking '/home/johndoe/github/ROProject3/ros_workspace/install/kalman_filter' for CMake module files
[1.480s] DEBUG:colcon.colcon_core.event_handler.log_command:Invoked command in '/home/johndoe/github/ROProject3/ros_workspace/src/kalman_filter' returned '0': PYTHONPATH=/home/johndoe/github/ROProject3/ros_workspace/build/kalman_filter/prefix_override:/home/johndoe/github/ROProject3/ros_workspace/install/kalman_filter/lib/python3.10/site-packages:${PYTHONPATH} /usr/bin/python3 setup.py egg_info --egg-base ../../build/kalman_filter build --build-base /home/johndoe/github/ROProject3/ros_workspace/build/kalman_filter/build install --record /home/johndoe/github/ROProject3/ros_workspace/build/kalman_filter/install.log --single-version-externally-managed
[1.480s] Level 1:colcon.colcon_core.environment:checking '/home/johndoe/github/ROProject3/ros_workspace/install/kalman_filter' for CMake config files
[1.481s] Level 1:colcon.colcon_core.environment:checking '/home/johndoe/github/ROProject3/ros_workspace/install/kalman_filter/lib'
[1.481s] Level 1:colcon.colcon_core.environment:checking '/home/johndoe/github/ROProject3/ros_workspace/install/kalman_filter/bin'
[1.481s] Level 1:colcon.colcon_core.environment:checking '/home/johndoe/github/ROProject3/ros_workspace/install/kalman_filter/lib/pkgconfig/kalman_filter.pc'
[1.481s] Level 1:colcon.colcon_core.environment:checking '/home/johndoe/github/ROProject3/ros_workspace/install/kalman_filter/lib/python3.10/site-packages'
[1.481s] Level 1:colcon.colcon_core.shell:create_environment_hook('kalman_filter', 'pythonpath')
[1.482s] INFO:colcon.colcon_core.shell:Creating environment hook '/home/johndoe/github/ROProject3/ros_workspace/install/kalman_filter/share/kalman_filter/hook/pythonpath.ps1'
[1.482s] INFO:colcon.colcon_core.shell:Creating environment descriptor '/home/johndoe/github/ROProject3/ros_workspace/install/kalman_filter/share/kalman_filter/hook/pythonpath.dsv'
[1.483s] INFO:colcon.colcon_core.shell:Creating environment hook '/home/johndoe/github/ROProject3/ros_workspace/install/kalman_filter/share/kalman_filter/hook/pythonpath.sh'
[1.483s] Level 1:colcon.colcon_core.environment:checking '/home/johndoe/github/ROProject3/ros_workspace/install/kalman_filter/bin'
[1.483s] Level 1:colcon.colcon_core.environment:create_environment_scripts_only(kalman_filter)
[1.484s] INFO:colcon.colcon_core.shell:Creating package script '/home/johndoe/github/ROProject3/ros_workspace/install/kalman_filter/share/kalman_filter/package.ps1'
[1.485s] INFO:colcon.colcon_core.shell:Creating package descriptor '/home/johndoe/github/ROProject3/ros_workspace/install/kalman_filter/share/kalman_filter/package.dsv'
[1.485s] INFO:colcon.colcon_core.shell:Creating package script '/home/johndoe/github/ROProject3/ros_workspace/install/kalman_filter/share/kalman_filter/package.sh'
[1.486s] INFO:colcon.colcon_core.shell:Creating package script '/home/johndoe/github/ROProject3/ros_workspace/install/kalman_filter/share/kalman_filter/package.bash'
[1.486s] INFO:colcon.colcon_core.shell:Creating package script '/home/johndoe/github/ROProject3/ros_workspace/install/kalman_filter/share/kalman_filter/package.zsh'
[1.486s] Level 1:colcon.colcon_core.environment:create_file_with_runtime_dependencies(/home/johndoe/github/ROProject3/ros_workspace/install/kalman_filter/share/colcon-core/packages/kalman_filter)
[1.702s] INFO:colcon.colcon_core.task.python.build:Building Python package in '/home/johndoe/github/ROProject3/ros_workspace/src/machine_learning'
[1.703s] INFO:colcon.colcon_core.shell:Skip shell extension 'powershell' for command environment: Not usable outside of PowerShell
[1.703s] DEBUG:colcon.colcon_core.shell:Skip shell extension 'dsv' for command environment
[1.980s] DEBUG:colcon.colcon_core.event_handler.log_command:Invoking command in '/home/johndoe/github/ROProject3/ros_workspace/src/machine_learning': PYTHONPATH=/home/johndoe/github/ROProject3/ros_workspace/build/machine_learning/prefix_override:/home/johndoe/github/ROProject3/ros_workspace/install/machine_learning/lib/python3.10/site-packages:${PYTHONPATH} /usr/bin/python3 setup.py egg_info --egg-base ../../build/machine_learning build --build-base /home/johndoe/github/ROProject3/ros_workspace/build/machine_learning/build install --record /home/johndoe/github/ROProject3/ros_workspace/build/machine_learning/install.log --single-version-externally-managed
[2.239s] Level 1:colcon.colcon_core.environment:checking '/home/johndoe/github/ROProject3/ros_workspace/install/machine_learning' for CMake module files
[2.240s] DEBUG:colcon.colcon_core.event_handler.log_command:Invoked command in '/home/johndoe/github/ROProject3/ros_workspace/src/machine_learning' returned '0': PYTHONPATH=/home/johndoe/github/ROProject3/ros_workspace/build/machine_learning/prefix_override:/home/johndoe/github/ROProject3/ros_workspace/install/machine_learning/lib/python3.10/site-packages:${PYTHONPATH} /usr/bin/python3 setup.py egg_info --egg-base ../../build/machine_learning build --build-base /home/johndoe/github/ROProject3/ros_workspace/build/machine_learning/build install --record /home/johndoe/github/ROProject3/ros_workspace/build/machine_learning/install.log --single-version-externally-managed
[2.240s] Level 1:colcon.colcon_core.environment:checking '/home/johndoe/github/ROProject3/ros_workspace/install/machine_learning' for CMake config files
[2.240s] Level 1:colcon.colcon_core.environment:checking '/home/johndoe/github/ROProject3/ros_workspace/install/machine_learning/lib'
[2.240s] Level 1:colcon.colcon_core.environment:checking '/home/johndoe/github/ROProject3/ros_workspace/install/machine_learning/bin'
[2.241s] Level 1:colcon.colcon_core.environment:checking '/home/johndoe/github/ROProject3/ros_workspace/install/machine_learning/lib/pkgconfig/machine_learning.pc'
[2.241s] Level 1:colcon.colcon_core.environment:checking '/home/johndoe/github/ROProject3/ros_workspace/install/machine_learning/lib/python3.10/site-packages'
[2.241s] Level 1:colcon.colcon_core.shell:create_environment_hook('machine_learning', 'pythonpath')
[2.242s] INFO:colcon.colcon_core.shell:Creating environment hook '/home/johndoe/github/ROProject3/ros_workspace/install/machine_learning/share/machine_learning/hook/pythonpath.ps1'
[2.242s] INFO:colcon.colcon_core.shell:Creating environment descriptor '/home/johndoe/github/ROProject3/ros_workspace/install/machine_learning/share/machine_learning/hook/pythonpath.dsv'
[2.242s] INFO:colcon.colcon_core.shell:Creating environment hook '/home/johndoe/github/ROProject3/ros_workspace/install/machine_learning/share/machine_learning/hook/pythonpath.sh'
[2.243s] Level 1:colcon.colcon_core.environment:checking '/home/johndoe/github/ROProject3/ros_workspace/install/machine_learning/bin'
[2.243s] Level 1:colcon.colcon_core.environment:create_environment_scripts_only(machine_learning)
[2.244s] INFO:colcon.colcon_core.shell:Creating package script '/home/johndoe/github/ROProject3/ros_workspace/install/machine_learning/share/machine_learning/package.ps1'
[2.244s] INFO:colcon.colcon_core.shell:Creating package descriptor '/home/johndoe/github/ROProject3/ros_workspace/install/machine_learning/share/machine_learning/package.dsv'
[2.244s] INFO:colcon.colcon_core.shell:Creating package script '/home/johndoe/github/ROProject3/ros_workspace/install/machine_learning/share/machine_learning/package.sh'
[2.245s] INFO:colcon.colcon_core.shell:Creating package script '/home/johndoe/github/ROProject3/ros_workspace/install/machine_learning/share/machine_learning/package.bash'
[2.245s] INFO:colcon.colcon_core.shell:Creating package script '/home/johndoe/github/ROProject3/ros_workspace/install/machine_learning/share/machine_learning/package.zsh'
[2.245s] Level 1:colcon.colcon_core.environment:create_file_with_runtime_dependencies(/home/johndoe/github/ROProject3/ros_workspace/install/machine_learning/share/colcon-core/packages/machine_learning)
[2.245s] DEBUG:colcon.colcon_parallel_executor.executor.parallel:closing loop
[2.246s] DEBUG:colcon.colcon_parallel_executor.executor.parallel:loop closed
[2.246s] DEBUG:colcon.colcon_parallel_executor.executor.parallel:run_until_complete finished with '0'
[2.246s] DEBUG:colcon.colcon_core.event_reactor:joining thread
[2.251s] INFO:colcon.colcon_core.plugin_system:Skipping extension 'colcon_notification.desktop_notification.terminal_notifier': Not used on non-Darwin systems
[2.251s] INFO:colcon.colcon_core.plugin_system:Skipping extension 'colcon_notification.desktop_notification.win32': Not used on non-Windows systems
[2.251s] INFO:colcon.colcon_notification.desktop_notification:Sending desktop notification using 'notify2'
[2.264s] DEBUG:colcon.colcon_core.event_reactor:joined thread
[2.265s] INFO:colcon.colcon_core.shell:Creating prefix script '/home/johndoe/github/ROProject3/ros_workspace/install/local_setup.ps1'
[2.266s] INFO:colcon.colcon_core.shell:Creating prefix util module '/home/johndoe/github/ROProject3/ros_workspace/install/_local_setup_util_ps1.py'
[2.267s] INFO:colcon.colcon_core.shell:Creating prefix chain script '/home/johndoe/github/ROProject3/ros_workspace/install/setup.ps1'
[2.269s] INFO:colcon.colcon_core.shell:Creating prefix script '/home/johndoe/github/ROProject3/ros_workspace/install/local_setup.sh'
[2.270s] INFO:colcon.colcon_core.shell:Creating prefix util module '/home/johndoe/github/ROProject3/ros_workspace/install/_local_setup_util_sh.py'
[2.271s] INFO:colcon.colcon_core.shell:Creating prefix chain script '/home/johndoe/github/ROProject3/ros_workspace/install/setup.sh'
[2.272s] INFO:colcon.colcon_core.shell:Creating prefix script '/home/johndoe/github/ROProject3/ros_workspace/install/local_setup.bash'
[2.273s] INFO:colcon.colcon_core.shell:Creating prefix chain script '/home/johndoe/github/ROProject3/ros_workspace/install/setup.bash'
[2.274s] INFO:colcon.colcon_core.shell:Creating prefix script '/home/johndoe/github/ROProject3/ros_workspace/install/local_setup.zsh'
[2.274s] INFO:colcon.colcon_core.shell:Creating prefix chain script '/home/johndoe/github/ROProject3/ros_workspace/install/setup.zsh'
