running egg_info
writing ../../build/machine_learning/machine_learning.egg-info/PKG-INFO
writing dependency_links to ../../build/machine_learning/machine_learning.egg-info/dependency_links.txt
writing entry points to ../../build/machine_learning/machine_learning.egg-info/entry_points.txt
writing requirements to ../../build/machine_learning/machine_learning.egg-info/requires.txt
writing top-level names to ../../build/machine_learning/machine_learning.egg-info/top_level.txt
reading manifest file '../../build/machine_learning/machine_learning.egg-info/SOURCES.txt'
writing manifest file '../../build/machine_learning/machine_learning.egg-info/SOURCES.txt'
running build
running build_py
running install
running install_lib
creating /home/johndoe/github/ROProject3/ros_workspace/install/machine_learning/lib/python3.10/site-packages/machine_learning
copying /home/johndoe/github/ROProject3/ros_workspace/build/machine_learning/build/lib/machine_learning/__init__.py -> /home/johndoe/github/ROProject3/ros_workspace/install/machine_learning/lib/python3.10/site-packages/machine_learning
byte-compiling /home/johndoe/github/ROProject3/ros_workspace/install/machine_learning/lib/python3.10/site-packages/machine_learning/__init__.py to __init__.cpython-310.pyc
running install_data
creating /home/johndoe/github/ROProject3/ros_workspace/install/machine_learning/share/ament_index
creating /home/johndoe/github/ROProject3/ros_workspace/install/machine_learning/share/ament_index/resource_index
creating /home/johndoe/github/ROProject3/ros_workspace/install/machine_learning/share/ament_index/resource_index/packages
copying resource/machine_learning -> /home/johndoe/github/ROProject3/ros_workspace/install/machine_learning/share/ament_index/resource_index/packages
copying package.xml -> /home/johndoe/github/ROProject3/ros_workspace/install/machine_learning/share/machine_learning
running install_egg_info
Copying ../../build/machine_learning/machine_learning.egg-info to /home/johndoe/github/ROProject3/ros_workspace/install/machine_learning/lib/python3.10/site-packages/machine_learning-1.0.0-py3.10.egg-info
running install_scripts
writing list of installed files to '/home/johndoe/github/ROProject3/ros_workspace/build/machine_learning/install.log'
