[0.499s] Invoking command in '/home/johndoe/github/ROProject3/ros_workspace/src/machine_learning': PYTHONPATH=/home/johndoe/github/ROProject3/ros_workspace/build/machine_learning/prefix_override:/home/johndoe/github/ROProject3/ros_workspace/install/machine_learning/lib/python3.10/site-packages:${PYTHONPATH} /usr/bin/python3 setup.py egg_info --egg-base ../../build/machine_learning build --build-base /home/johndoe/github/ROProject3/ros_workspace/build/machine_learning/build install --record /home/johndoe/github/ROProject3/ros_workspace/build/machine_learning/install.log --single-version-externally-managed
[0.690s] running egg_info
[0.691s] writing ../../build/machine_learning/machine_learning.egg-info/PKG-INFO
[0.691s] writing dependency_links to ../../build/machine_learning/machine_learning.egg-info/dependency_links.txt
[0.691s] writing entry points to ../../build/machine_learning/machine_learning.egg-info/entry_points.txt
[0.691s] writing requirements to ../../build/machine_learning/machine_learning.egg-info/requires.txt
[0.692s] writing top-level names to ../../build/machine_learning/machine_learning.egg-info/top_level.txt
[0.693s] reading manifest file '../../build/machine_learning/machine_learning.egg-info/SOURCES.txt'
[0.694s] writing manifest file '../../build/machine_learning/machine_learning.egg-info/SOURCES.txt'
[0.694s] running build
[0.694s] running build_py
[0.694s] running install
[0.694s] running install_lib
[0.695s] running install_data
[0.695s] running install_egg_info
[0.696s] removing '/home/johndoe/github/ROProject3/ros_workspace/install/machine_learning/lib/python3.10/site-packages/machine_learning-0.0.0-py3.10.egg-info' (and everything under it)
[0.697s] Copying ../../build/machine_learning/machine_learning.egg-info to /home/johndoe/github/ROProject3/ros_workspace/install/machine_learning/lib/python3.10/site-packages/machine_learning-0.0.0-py3.10.egg-info
[0.697s] running install_scripts
[0.713s] writing list of installed files to '/home/johndoe/github/ROProject3/ros_workspace/build/machine_learning/install.log'
[0.739s] Invoked command in '/home/johndoe/github/ROProject3/ros_workspace/src/machine_learning' returned '0': PYTHONPATH=/home/johndoe/github/ROProject3/ros_workspace/build/machine_learning/prefix_override:/home/johndoe/github/ROProject3/ros_workspace/install/machine_learning/lib/python3.10/site-packages:${PYTHONPATH} /usr/bin/python3 setup.py egg_info --egg-base ../../build/machine_learning build --build-base /home/johndoe/github/ROProject3/ros_workspace/build/machine_learning/build install --record /home/johndoe/github/ROProject3/ros_workspace/build/machine_learning/install.log --single-version-externally-managed
